c:\university\computervision\project1\project1\x64\debug\vc143.pdb
c:\university\computervision\project1\project1\x64\debug\vc143.idb
c:\university\computervision\project1\project1\x64\debug\cv_dnn_ultraface.obj
c:\university\computervision\project1\project1\x64\debug\khucvapp.obj
c:\university\computervision\project1\project1\x64\debug\project.obj
c:\university\computervision\project1\project1\x64\debug\mainframe.obj
c:\university\computervision\project1\project1\x64\debug\maindialog.obj
c:\university\computervision\project1\project1\x64\debug\clientview.obj
c:\university\computervision\project1\project1\x64\debug\childframe.obj
c:\university\computervision\project1\run64\project1.exe
c:\university\computervision\project1\project1\x64\debug\project1.ilk
c:\university\computervision\project1\run64\project1.pdb
c:\university\computervision\project1\project1\x64\debug\소스.obj
c:\university\computervision\project1\project1\x64\debug\project.obj.enc
c:\university\computervision\project1\project1\x64\debug\project1.tlog\cl.command.1.tlog
c:\university\computervision\project1\project1\x64\debug\project1.tlog\cl.read.1.tlog
c:\university\computervision\project1\project1\x64\debug\project1.tlog\cl.write.1.tlog
c:\university\computervision\project1\project1\x64\debug\project1.tlog\link.command.1.tlog
c:\university\computervision\project1\project1\x64\debug\project1.tlog\link.read.1.tlog
c:\university\computervision\project1\project1\x64\debug\project1.tlog\link.write.1.tlog
